  [1m[36m (3.0ms)[0m  [1mCREATE TABLE "schema_migrations" ("version" character varying NOT NULL) [0m
  [1m[35m (1.1ms)[0m  CREATE UNIQUE INDEX  "unique_schema_migrations" ON "schema_migrations"  ("version")
  [1m[36mActiveRecord::SchemaMigration Load (0.4ms)[0m  [1mSELECT "schema_migrations".* FROM "schema_migrations"[0m
Migrating to CreateUsers (20150224031247)
  [1m[35m (0.2ms)[0m  BEGIN
  [1m[36m (15.0ms)[0m  [1mCREATE TABLE "users" ("id" serial primary key, "name" character varying, "email" character varying, "password_digest" character varying, "created_at" timestamp NOT NULL, "updated_at" timestamp NOT NULL) [0m
  [1m[35mSQL (0.4ms)[0m  INSERT INTO "schema_migrations" ("version") VALUES ($1)  [["version", "20150224031247"]]
  [1m[36m (5.9ms)[0m  [1mCOMMIT[0m
  [1m[35mActiveRecord::SchemaMigration Load (0.4ms)[0m  SELECT "schema_migrations".* FROM "schema_migrations"
  [1m[36m (2.2ms)[0m  [1mSELECT t2.oid::regclass::text AS to_table, a1.attname AS column, a2.attname AS primary_key, c.conname AS name, c.confupdtype AS on_update, c.confdeltype AS on_delete
FROM pg_constraint c
JOIN pg_class t1 ON c.conrelid = t1.oid
JOIN pg_class t2 ON c.confrelid = t2.oid
JOIN pg_attribute a1 ON a1.attnum = c.conkey[1] AND a1.attrelid = t1.oid
JOIN pg_attribute a2 ON a2.attnum = c.confkey[1] AND a2.attrelid = t2.oid
JOIN pg_namespace t3 ON c.connamespace = t3.oid
WHERE c.contype = 'f'
  AND t1.relname = 'users'
  AND t3.nspname = ANY (current_schemas(false))
ORDER BY c.conname
[0m


Started GET "/" for ::1 at 2017-04-05 09:29:49 -0600
  [1m[36mActiveRecord::SchemaMigration Load (0.7ms)[0m  [1mSELECT "schema_migrations".* FROM "schema_migrations"[0m
Processing by WelcomeController#index as HTML
  Rendered welcome/index.html.erb within layouts/application (1.4ms)
Completed 200 OK in 1548ms (Views: 1535.0ms | ActiveRecord: 0.0ms)


Started GET "/" for ::1 at 2017-04-05 09:29:51 -0600
Processing by WelcomeController#index as HTML
  Rendered welcome/index.html.erb within layouts/application (0.1ms)
Completed 200 OK in 48ms (Views: 47.2ms | ActiveRecord: 0.0ms)


Started GET "/assets/application-5266d2988799ecc8fe6e81eaab412e7d.css?body=1" for ::1 at 2017-04-05 09:29:51 -0600


Started GET "/assets/application-bc105cf26f847567b5eae624a793b626.js?body=1" for ::1 at 2017-04-05 09:29:51 -0600


Started GET "/assets/jquery-87424c3c19e96d4fb033c10ebe21ec40.js?body=1" for ::1 at 2017-04-05 09:29:51 -0600


Started GET "/assets/turbolinks-f87b3583ca50adb0488b031297f5580d.js?body=1" for ::1 at 2017-04-05 09:29:51 -0600


Started GET "/assets/jquery_ujs-e27bd20a10d28155845a22d71ef94f2f.js?body=1" for ::1 at 2017-04-05 09:29:51 -0600


Started GET "/login" for ::1 at 2017-04-05 09:31:11 -0600
Processing by SessionsController#new as HTML
  Rendered sessions/new.html.erb within layouts/application (1.1ms)
Completed 200 OK in 39ms (Views: 38.3ms | ActiveRecord: 0.0ms)


Started GET "/signup" for ::1 at 2017-04-05 09:31:13 -0600
Processing by UsersController#new as HTML
  Rendered users/new.html.erb within layouts/application (8.6ms)
Completed 200 OK in 58ms (Views: 57.2ms | ActiveRecord: 0.0ms)


Started POST "/users" for ::1 at 2017-04-05 09:33:04 -0600
Processing by UsersController#create as HTML
  Parameters: {"utf8"=>"✓", "authenticity_token"=>"ky/AIZ/hFaNZ4dpwq9DB4dcMpdEZsck9cj6B9fnkZ4zTmZ4X4bzRKDSUb6WNJmmQtEMPLfvJb0hq+LiBlSAeew==", "user"=>{"name"=>"we_the_best", "email"=>"we@thebest.com", "password"=>"[FILTERED]", "password_confirmation"=>"[FILTERED]"}, "commit"=>"Submit"}
  [1m[35m (0.2ms)[0m  BEGIN
  [1m[36mSQL (2.4ms)[0m  [1mINSERT INTO "users" ("name", "email", "password_digest", "created_at", "updated_at") VALUES ($1, $2, $3, $4, $5) RETURNING "id"[0m  [["name", "we_the_best"], ["email", "we@thebest.com"], ["password_digest", "$2a$10$F.PPZn2s0zTOwQ8/GwYfb.7zOzwA7iksxcx7SBZASE73XSIJMasfq"], ["created_at", "2017-04-05 15:33:04.453400"], ["updated_at", "2017-04-05 15:33:04.453400"]]
  [1m[35m (6.1ms)[0m  COMMIT
Redirected to http://localhost:3000/
Completed 302 Found in 118ms (ActiveRecord: 17.2ms)


Started GET "/" for ::1 at 2017-04-05 09:33:04 -0600
Processing by WelcomeController#index as HTML
  [1m[36mUser Load (0.6ms)[0m  [1mSELECT  "users".* FROM "users" WHERE "users"."id" = $1 LIMIT 1[0m  [["id", 1]]
  Rendered welcome/index.html.erb within layouts/application (15.8ms)
Completed 200 OK in 57ms (Views: 55.9ms | ActiveRecord: 0.6ms)


Started GET "/assets/turbolinks-f87b3583ca50adb0488b031297f5580d.js?body=1" for ::1 at 2017-04-05 09:33:04 -0600


Started GET "/assets/jquery_ujs-e27bd20a10d28155845a22d71ef94f2f.js?body=1" for ::1 at 2017-04-05 09:33:04 -0600


Started GET "/assets/jquery-87424c3c19e96d4fb033c10ebe21ec40.js?body=1" for ::1 at 2017-04-05 09:33:04 -0600


Started GET "/" for ::1 at 2017-04-05 09:52:51 -0600
Processing by WelcomeController#index as HTML
  [1m[35mUser Load (0.3ms)[0m  SELECT  "users".* FROM "users" WHERE "users"."id" = $1 LIMIT 1  [["id", 1]]
  Rendered welcome/index.html.erb within layouts/application (10.0ms)
Completed 200 OK in 56ms (Views: 52.2ms | ActiveRecord: 2.5ms)


Started GET "/assets/jquery-87424c3c19e96d4fb033c10ebe21ec40.js?body=1" for ::1 at 2017-04-05 09:52:51 -0600


Started GET "/assets/jquery_ujs-e27bd20a10d28155845a22d71ef94f2f.js?body=1" for ::1 at 2017-04-05 09:52:51 -0600


Started GET "/assets/turbolinks-f87b3583ca50adb0488b031297f5580d.js?body=1" for ::1 at 2017-04-05 09:52:51 -0600


Started GET "/" for ::1 at 2017-04-05 09:53:39 -0600
Processing by WelcomeController#index as HTML
  [1m[36mUser Load (0.6ms)[0m  [1mSELECT  "users".* FROM "users" WHERE "users"."id" = $1 LIMIT 1[0m  [["id", 1]]
  Rendered welcome/index.html.erb within layouts/application (2.8ms)
Completed 200 OK in 49ms (Views: 47.9ms | ActiveRecord: 0.6ms)


Started GET "/assets/jquery-87424c3c19e96d4fb033c10ebe21ec40.js?body=1" for ::1 at 2017-04-05 09:53:39 -0600


Started GET "/assets/jquery_ujs-e27bd20a10d28155845a22d71ef94f2f.js?body=1" for ::1 at 2017-04-05 09:53:39 -0600


Started GET "/assets/turbolinks-f87b3583ca50adb0488b031297f5580d.js?body=1" for ::1 at 2017-04-05 09:53:39 -0600


Started POST "/notification" for ::1 at 2017-04-05 09:53:45 -0600
Processing by NotificationController#create as HTML
  Parameters: {"utf8"=>"✓", "authenticity_token"=>"k2QsHvftsoNzbvPWfD+Ry5PLgsIlqNiCaYAdQ3cGw3nT0nIoibB2CB4bRgNayTm68IQoPsfQfvdxRiQ3G8K6jg==", "email"=>"msglassie@gmail.com", "commit"=>"Tell them"}
  [1m[35mUser Load (0.5ms)[0m  SELECT  "users".* FROM "users" WHERE "users"."id" = $1 LIMIT 1  [["id", 1]]
Completed 500 Internal Server Error in 16ms

NoMethodError (undefined method `deliver_now' for "msglassie@gmail.com":String):
  app/controllers/notification_controller.rb:3:in `create'


  Rendered /Users/maxglassie/.rvm/gems/ruby-2.3.0/gems/web-console-2.0.0/lib/action_dispatch/templates/rescues/_source.erb (5.3ms)
  Rendered /Users/maxglassie/.rvm/gems/ruby-2.3.0/gems/web-console-2.0.0/lib/action_dispatch/templates/rescues/_trace.html.erb (2.5ms)
  Rendered /Users/maxglassie/.rvm/gems/ruby-2.3.0/gems/web-console-2.0.0/lib/action_dispatch/templates/rescues/_request_and_response.html.erb (1.4ms)
  Rendered /Users/maxglassie/.rvm/gems/ruby-2.3.0/gems/web-console-2.0.0/lib/action_dispatch/templates/rescues/_web_console.html.erb (1.3ms)
  Rendered /Users/maxglassie/.rvm/gems/ruby-2.3.0/gems/web-console-2.0.0/lib/action_dispatch/templates/rescues/diagnostics.html.erb within rescues/layout (68.5ms)


Started POST "/notification" for ::1 at 2017-04-05 09:55:02 -0600
Processing by NotificationController#create as HTML
  Parameters: {"utf8"=>"✓", "authenticity_token"=>"k2QsHvftsoNzbvPWfD+Ry5PLgsIlqNiCaYAdQ3cGw3nT0nIoibB2CB4bRgNayTm68IQoPsfQfvdxRiQ3G8K6jg==", "email"=>"msglassie@gmail.com", "commit"=>"Tell them"}
  [1m[36mUser Load (0.2ms)[0m  [1mSELECT  "users".* FROM "users" WHERE "users"."id" = $1 LIMIT 1[0m  [["id", 1]]


Started GET "/notification" for ::1 at 2017-04-05 09:58:47 -0600
  [1m[36mActiveRecord::SchemaMigration Load (0.4ms)[0m  [1mSELECT "schema_migrations".* FROM "schema_migrations"[0m

ActionController::RoutingError (No route matches [GET] "/notification"):
  web-console (2.0.0) lib/action_dispatch/debug_exceptions.rb:22:in `middleware_call'
  web-console (2.0.0) lib/action_dispatch/debug_exceptions.rb:13:in `call'
  actionpack (4.2.0) lib/action_dispatch/middleware/show_exceptions.rb:30:in `call'
  railties (4.2.0) lib/rails/rack/logger.rb:38:in `call_app'
  railties (4.2.0) lib/rails/rack/logger.rb:20:in `block in call'
  activesupport (4.2.0) lib/active_support/tagged_logging.rb:68:in `block in tagged'
  activesupport (4.2.0) lib/active_support/tagged_logging.rb:26:in `tagged'
  activesupport (4.2.0) lib/active_support/tagged_logging.rb:68:in `tagged'
  railties (4.2.0) lib/rails/rack/logger.rb:20:in `call'
  actionpack (4.2.0) lib/action_dispatch/middleware/request_id.rb:21:in `call'
  rack (1.6.0) lib/rack/methodoverride.rb:22:in `call'
  rack (1.6.0) lib/rack/runtime.rb:18:in `call'
  activesupport (4.2.0) lib/active_support/cache/strategy/local_cache_middleware.rb:28:in `call'
  rack (1.6.0) lib/rack/lock.rb:17:in `call'
  actionpack (4.2.0) lib/action_dispatch/middleware/static.rb:113:in `call'
  rack (1.6.0) lib/rack/sendfile.rb:113:in `call'
  railties (4.2.0) lib/rails/engine.rb:518:in `call'
  railties (4.2.0) lib/rails/application.rb:164:in `call'
  rack (1.6.0) lib/rack/lock.rb:17:in `call'
  rack (1.6.0) lib/rack/content_length.rb:15:in `call'
  rack (1.6.0) lib/rack/handler/webrick.rb:89:in `service'
  /Users/maxglassie/.rvm/rubies/ruby-2.3.0/lib/ruby/2.3.0/webrick/httpserver.rb:140:in `service'
  /Users/maxglassie/.rvm/rubies/ruby-2.3.0/lib/ruby/2.3.0/webrick/httpserver.rb:96:in `run'
  /Users/maxglassie/.rvm/rubies/ruby-2.3.0/lib/ruby/2.3.0/webrick/server.rb:296:in `block in start_thread'


  Rendered /Users/maxglassie/.rvm/gems/ruby-2.3.0/gems/web-console-2.0.0/lib/action_dispatch/templates/rescues/_trace.html.erb (1.1ms)
  Rendered /Users/maxglassie/.rvm/gems/ruby-2.3.0/gems/web-console-2.0.0/lib/action_dispatch/templates/routes/_route.html.erb (0.8ms)
  Rendered /Users/maxglassie/.rvm/gems/ruby-2.3.0/gems/web-console-2.0.0/lib/action_dispatch/templates/routes/_table.html.erb (12.6ms)
  Rendered /Users/maxglassie/.rvm/gems/ruby-2.3.0/gems/web-console-2.0.0/lib/action_dispatch/templates/rescues/_request_and_response.html.erb (16.2ms)
  Rendered /Users/maxglassie/.rvm/gems/ruby-2.3.0/gems/web-console-2.0.0/lib/action_dispatch/templates/rescues/_web_console.html.erb (2.1ms)
  Rendered /Users/maxglassie/.rvm/gems/ruby-2.3.0/gems/web-console-2.0.0/lib/action_dispatch/templates/rescues/routing_error.html.erb within rescues/layout (118.9ms)


Started GET "/" for ::1 at 2017-04-05 09:58:51 -0600
Processing by WelcomeController#index as HTML
  [1m[35mUser Load (0.5ms)[0m  SELECT  "users".* FROM "users" WHERE "users"."id" = $1 LIMIT 1  [["id", 1]]
  Rendered welcome/index.html.erb within layouts/application (19.5ms)
Completed 200 OK in 86ms (Views: 82.0ms | ActiveRecord: 3.0ms)


Started GET "/assets/jquery-87424c3c19e96d4fb033c10ebe21ec40.js?body=1" for ::1 at 2017-04-05 09:58:51 -0600


Started GET "/assets/turbolinks-f87b3583ca50adb0488b031297f5580d.js?body=1" for ::1 at 2017-04-05 09:58:51 -0600


Started GET "/assets/jquery_ujs-e27bd20a10d28155845a22d71ef94f2f.js?body=1" for ::1 at 2017-04-05 09:58:51 -0600


Started POST "/notification" for ::1 at 2017-04-05 09:58:55 -0600
Processing by NotificationController#create as HTML
  Parameters: {"utf8"=>"✓", "authenticity_token"=>"Ye0ylb9CwU8cvKaH2WXIfn2kHk1yHngKBa852mSNumchW2yjwR8FxHHJE1L/k2APHuu0sZBm3n8daQCuCEnDkA==", "email"=>"msglassie@gmail.com", "commit"=>"Tell them"}
  [1m[36mUser Load (0.3ms)[0m  [1mSELECT  "users".* FROM "users" WHERE "users"."id" = $1 LIMIT 1[0m  [["id", 1]]
  Rendered friend_notifier/inform.html.erb within layouts/mailer (0.4ms)
  Rendered friend_notifier/inform.text.erb within layouts/mailer (0.4ms)

FriendNotifier#inform: processed outbound mail in 240.4ms

Sent mail to msglassie@gmail.com (12.6ms)
Date: Wed, 05 Apr 2017 09:58:55 -0600
From: no-reply@youvechanged.io
To: msglassie@gmail.com
Message-ID: <58e5143fd5f5c_7df73fce5e1f7ec82511@Max-Glassies-MacBook-Pro.local.mail>
Subject: we_the_best says you've changed.
Mime-Version: 1.0
Content-Type: multipart/alternative;
 boundary="--==_mimepart_58e5143fd3d5f_7df73fce5e1f7ec8244b";
 charset=UTF-8
Content-Transfer-Encoding: 7bit


----==_mimepart_58e5143fd3d5f_7df73fce5e1f7ec8244b
Content-Type: text/plain;
 charset=UTF-8
Content-Transfer-Encoding: 7bit

Your "friend" We_the_best wanted to let you know that you've changed. Tell someone else they've changed. It's your duty.

----==_mimepart_58e5143fd3d5f_7df73fce5e1f7ec8244b
Content-Type: text/html;
 charset=UTF-8
Content-Transfer-Encoding: 7bit

<html>
  <body>
    Your "friend" We_the_best wanted to let you know that you've changed. Tell someone else they've changed. It's your duty.
  </body>
</html>

----==_mimepart_58e5143fd3d5f_7df73fce5e1f7ec8244b--

Redirected to http://localhost:3000/
Completed 302 Found in 269ms (ActiveRecord: 0.3ms)


Started GET "/" for ::1 at 2017-04-05 09:58:55 -0600
Processing by WelcomeController#index as HTML
  [1m[35mUser Load (0.4ms)[0m  SELECT  "users".* FROM "users" WHERE "users"."id" = $1 LIMIT 1  [["id", 1]]
  Rendered welcome/index.html.erb within layouts/application (1.1ms)
Completed 200 OK in 25ms (Views: 24.2ms | ActiveRecord: 0.4ms)


Started GET "/assets/jquery-87424c3c19e96d4fb033c10ebe21ec40.js?body=1" for ::1 at 2017-04-05 09:58:55 -0600


Started GET "/assets/jquery_ujs-e27bd20a10d28155845a22d71ef94f2f.js?body=1" for ::1 at 2017-04-05 09:58:55 -0600


Started GET "/assets/turbolinks-f87b3583ca50adb0488b031297f5580d.js?body=1" for ::1 at 2017-04-05 09:58:55 -0600


Started POST "/notification" for ::1 at 2017-04-05 10:00:20 -0600
Processing by NotificationController#create as HTML
  Parameters: {"utf8"=>"✓", "authenticity_token"=>"VWFu4WwO/FLUO4ydBu2AInWjWBvWrx3tm/RYBGmN2oQV1zDXElM42blOOUggGyhTFuzy5zTXu5iDMmFwBUmjcw==", "email"=>"msglassie@gmail.com", "commit"=>"Tell them"}
  [1m[36mUser Load (0.5ms)[0m  [1mSELECT  "users".* FROM "users" WHERE "users"."id" = $1 LIMIT 1[0m  [["id", 1]]
  Rendered friend_notifier/inform.html.erb within layouts/mailer (0.2ms)
  Rendered friend_notifier/inform.text.erb within layouts/mailer (0.1ms)

FriendNotifier#inform: processed outbound mail in 31.6ms

Sent mail to msglassie@gmail.com (4.0ms)
Date: Wed, 05 Apr 2017 10:00:20 -0600
From: no-reply@youvechanged.io
To: msglassie@gmail.com
Message-ID: <58e514945a79f_7df73fce5ee5eedc27a3@Max-Glassies-MacBook-Pro.local.mail>
Subject: we_the_best says you've changed.
Mime-Version: 1.0
Content-Type: multipart/alternative;
 boundary="--==_mimepart_58e514945936f_7df73fce5ee5eedc2683";
 charset=UTF-8
Content-Transfer-Encoding: 7bit


----==_mimepart_58e514945936f_7df73fce5ee5eedc2683
Content-Type: text/plain;
 charset=UTF-8
Content-Transfer-Encoding: 7bit

Your "friend" We_the_best wanted to let you know that you've changed. Tell someone else they've changed. It's your duty.

----==_mimepart_58e514945936f_7df73fce5ee5eedc2683
Content-Type: text/html;
 charset=UTF-8
Content-Transfer-Encoding: 7bit

<html>
  <body>
    Your "friend" We_the_best wanted to let you know that you've changed. Tell someone else they've changed. It's your duty.
  </body>
</html>

----==_mimepart_58e514945936f_7df73fce5ee5eedc2683--

Redirected to http://localhost:3000/
Completed 302 Found in 40ms (ActiveRecord: 0.5ms)


Started GET "/" for ::1 at 2017-04-05 10:00:20 -0600
Processing by WelcomeController#index as HTML
  [1m[35mUser Load (0.4ms)[0m  SELECT  "users".* FROM "users" WHERE "users"."id" = $1 LIMIT 1  [["id", 1]]
  Rendered welcome/index.html.erb within layouts/application (1.6ms)
Completed 200 OK in 29ms (Views: 28.3ms | ActiveRecord: 0.4ms)


Started GET "/assets/jquery-87424c3c19e96d4fb033c10ebe21ec40.js?body=1" for ::1 at 2017-04-05 10:00:20 -0600


Started GET "/assets/turbolinks-f87b3583ca50adb0488b031297f5580d.js?body=1" for ::1 at 2017-04-05 10:00:20 -0600


Started GET "/assets/jquery_ujs-e27bd20a10d28155845a22d71ef94f2f.js?body=1" for ::1 at 2017-04-05 10:00:20 -0600


Started POST "/notification" for ::1 at 2017-04-05 10:01:07 -0600
Processing by NotificationController#create as HTML
  Parameters: {"utf8"=>"✓", "authenticity_token"=>"+nl1n5HG/AZb8BGCfh4wWM8xUFVPV+KJ9cbEuPRpvcu6zyup75s4jTaFpFdY6JgprH76qa0vRPztAP3MmK3EPA==", "email"=>"msglassie@gmail.com", "commit"=>"Tell them"}
  [1m[36mUser Load (0.3ms)[0m  [1mSELECT  "users".* FROM "users" WHERE "users"."id" = $1 LIMIT 1[0m  [["id", 1]]
  Rendered friend_notifier/inform.html.erb within layouts/mailer (16.2ms)


Started GET "/" for ::1 at 2017-04-05 10:02:23 -0600
  [1m[36mActiveRecord::SchemaMigration Load (0.5ms)[0m  [1mSELECT "schema_migrations".* FROM "schema_migrations"[0m
Processing by WelcomeController#index as HTML
  [1m[35mUser Load (0.5ms)[0m  SELECT  "users".* FROM "users" WHERE "users"."id" = $1 LIMIT 1  [["id", 1]]
  Rendered welcome/index.html.erb within layouts/application (21.1ms)
Completed 200 OK in 107ms (Views: 92.9ms | ActiveRecord: 3.3ms)


Started GET "/assets/jquery-87424c3c19e96d4fb033c10ebe21ec40.js?body=1" for ::1 at 2017-04-05 10:02:24 -0600


Started GET "/assets/turbolinks-f87b3583ca50adb0488b031297f5580d.js?body=1" for ::1 at 2017-04-05 10:02:24 -0600


Started GET "/assets/jquery_ujs-e27bd20a10d28155845a22d71ef94f2f.js?body=1" for ::1 at 2017-04-05 10:02:24 -0600


Started POST "/notification" for ::1 at 2017-04-05 10:02:28 -0600
Processing by NotificationController#create as HTML
  Parameters: {"utf8"=>"✓", "authenticity_token"=>"k0GXRYHSoRlJDcNSCdvvvbxtq5gIm4hcezjGPn7QkQvT98lz/49lkiR4docvLUfM3yIBZOrjLilj/v9KEhTo/A==", "email"=>"msglassie@gmail.com", "commit"=>"Tell them"}
  [1m[36mUser Load (0.4ms)[0m  [1mSELECT  "users".* FROM "users" WHERE "users"."id" = $1 LIMIT 1[0m  [["id", 1]]


Started GET "/" for ::1 at 2017-04-05 10:02:54 -0600
  [1m[36mActiveRecord::SchemaMigration Load (0.4ms)[0m  [1mSELECT "schema_migrations".* FROM "schema_migrations"[0m
Processing by WelcomeController#index as HTML
  [1m[35mUser Load (0.4ms)[0m  SELECT  "users".* FROM "users" WHERE "users"."id" = $1 LIMIT 1  [["id", 1]]
  Rendered welcome/index.html.erb within layouts/application (16.5ms)
Completed 200 OK in 73ms (Views: 61.4ms | ActiveRecord: 2.9ms)


Started GET "/assets/jquery-87424c3c19e96d4fb033c10ebe21ec40.js?body=1" for ::1 at 2017-04-05 10:02:55 -0600


Started GET "/assets/turbolinks-f87b3583ca50adb0488b031297f5580d.js?body=1" for ::1 at 2017-04-05 10:02:55 -0600


Started GET "/assets/jquery_ujs-e27bd20a10d28155845a22d71ef94f2f.js?body=1" for ::1 at 2017-04-05 10:02:55 -0600


Started POST "/notification" for ::1 at 2017-04-05 10:04:09 -0600
Processing by NotificationController#create as HTML
  Parameters: {"utf8"=>"✓", "authenticity_token"=>"5DiyiYJg6nW96zzo+0yNckRHb5REmL77qmu9azMhL76kjuy//D0u/tCeiT3duiUDJwjFaKbgGI6yrYQfX+VWSQ==", "email"=>"msglassie@gmail.com", "commit"=>"Tell them"}
  [1m[36mUser Load (0.3ms)[0m  [1mSELECT  "users".* FROM "users" WHERE "users"."id" = $1 LIMIT 1[0m  [["id", 1]]
  Rendered friend_notifier/inform.html.erb within layouts/mailer (0.6ms)
  Rendered friend_notifier/inform.text.erb within layouts/mailer (0.5ms)

FriendNotifier#inform: processed outbound mail in 250.4ms

Sent mail to msglassie@gmail.com (11.2ms)
Date: Wed, 05 Apr 2017 10:04:09 -0600
From: no-reply@youvechanged.io
To: msglassie@gmail.com
Message-ID: <58e51579a53bd_7e733ffca6ed3e8c56752@Max-Glassies-MacBook-Pro.local.mail>
Subject: we_the_best says you've changed.
Mime-Version: 1.0
Content-Type: multipart/alternative;
 boundary="--==_mimepart_58e51579a3723_7e733ffca6ed3e8c56672";
 charset=UTF-8
Content-Transfer-Encoding: 7bit


----==_mimepart_58e51579a3723_7e733ffca6ed3e8c56672
Content-Type: text/plain;
 charset=UTF-8
Content-Transfer-Encoding: 7bit

Your "friend" We_the_best wanted to let you know that you've changed. Tell someone else they've changed. It's your duty.

----==_mimepart_58e51579a3723_7e733ffca6ed3e8c56672
Content-Type: text/html;
 charset=UTF-8
Content-Transfer-Encoding: 7bit

<html>
  <body>
    Your "friend" We_the_best wanted to let you know that you've changed. Tell someone else they've changed. It's your duty.
  </body>
</html>

----==_mimepart_58e51579a3723_7e733ffca6ed3e8c56672--

Redirected to http://localhost:3000/
Completed 302 Found in 276ms (ActiveRecord: 0.3ms)


Started GET "/" for ::1 at 2017-04-05 10:04:09 -0600
Processing by WelcomeController#index as HTML
  [1m[35mUser Load (0.4ms)[0m  SELECT  "users".* FROM "users" WHERE "users"."id" = $1 LIMIT 1  [["id", 1]]
  Rendered welcome/index.html.erb within layouts/application (1.3ms)
Completed 200 OK in 25ms (Views: 24.3ms | ActiveRecord: 0.4ms)


Started GET "/assets/jquery_ujs-e27bd20a10d28155845a22d71ef94f2f.js?body=1" for ::1 at 2017-04-05 10:04:09 -0600


Started GET "/assets/jquery-87424c3c19e96d4fb033c10ebe21ec40.js?body=1" for ::1 at 2017-04-05 10:04:09 -0600


Started GET "/assets/turbolinks-f87b3583ca50adb0488b031297f5580d.js?body=1" for ::1 at 2017-04-05 10:04:09 -0600


Started GET "/" for ::1 at 2017-04-05 10:04:19 -0600
Processing by WelcomeController#index as HTML
  [1m[36mUser Load (0.9ms)[0m  [1mSELECT  "users".* FROM "users" WHERE "users"."id" = $1 LIMIT 1[0m  [["id", 1]]
  Rendered welcome/index.html.erb within layouts/application (2.2ms)
Completed 200 OK in 40ms (Views: 38.2ms | ActiveRecord: 0.9ms)


Started GET "/assets/jquery-87424c3c19e96d4fb033c10ebe21ec40.js?body=1" for ::1 at 2017-04-05 10:04:19 -0600


Started GET "/assets/jquery_ujs-e27bd20a10d28155845a22d71ef94f2f.js?body=1" for ::1 at 2017-04-05 10:04:19 -0600


Started GET "/assets/turbolinks-f87b3583ca50adb0488b031297f5580d.js?body=1" for ::1 at 2017-04-05 10:04:19 -0600


Started GET "/logout" for ::1 at 2017-04-05 10:05:32 -0600
Processing by SessionsController#destroy as HTML
Redirected to http://localhost:3000/login
Completed 302 Found in 2ms (ActiveRecord: 0.0ms)


Started GET "/login" for ::1 at 2017-04-05 10:05:32 -0600
Processing by SessionsController#new as HTML
  Rendered sessions/new.html.erb within layouts/application (0.8ms)
Completed 200 OK in 32ms (Views: 31.8ms | ActiveRecord: 0.0ms)


Started POST "/login" for ::1 at 2017-04-05 10:05:36 -0600
Processing by SessionsController#create as HTML
  Parameters: {"utf8"=>"✓", "authenticity_token"=>"hrsdJL/4qVfKZBe9ZCXtuckp6tnnjn/UReiesb9SmU/GDUMSwaVt3KcRomhC00XIqmZAJQX22aFdLqfF05bguA==", "email"=>"wethe@best.com", "password"=>"[FILTERED]", "commit"=>"Submit"}
  [1m[35mUser Load (0.5ms)[0m  SELECT  "users".* FROM "users" WHERE "users"."email" = $1 LIMIT 1  [["email", "wethe@best.com"]]
Redirected to http://localhost:3000/login
Completed 302 Found in 10ms (ActiveRecord: 0.5ms)


Started GET "/login" for ::1 at 2017-04-05 10:05:36 -0600
Processing by SessionsController#new as HTML
  Rendered sessions/new.html.erb within layouts/application (1.1ms)
Completed 200 OK in 31ms (Views: 30.5ms | ActiveRecord: 0.0ms)


Started GET "/assets/jquery-87424c3c19e96d4fb033c10ebe21ec40.js?body=1" for ::1 at 2017-04-05 10:05:37 -0600


Started GET "/assets/turbolinks-f87b3583ca50adb0488b031297f5580d.js?body=1" for ::1 at 2017-04-05 10:05:37 -0600


Started GET "/assets/jquery_ujs-e27bd20a10d28155845a22d71ef94f2f.js?body=1" for ::1 at 2017-04-05 10:05:37 -0600


Started POST "/login" for ::1 at 2017-04-05 10:05:45 -0600
Processing by SessionsController#create as HTML
  Parameters: {"utf8"=>"✓", "authenticity_token"=>"u8oH9sQZUJRbSRXaUg/7MvclFh+R06LrMVu1HEeE3PH7fFnAukSUHzY8oA90+VNDlGq843OrBJ4pnYxoK0ClBg==", "email"=>"wethe@best.com", "password"=>"[FILTERED]", "commit"=>"Submit"}
  [1m[36mUser Load (0.3ms)[0m  [1mSELECT  "users".* FROM "users" WHERE "users"."email" = $1 LIMIT 1[0m  [["email", "wethe@best.com"]]
Redirected to http://localhost:3000/login
Completed 302 Found in 2ms (ActiveRecord: 0.3ms)


Started GET "/login" for ::1 at 2017-04-05 10:05:45 -0600
Processing by SessionsController#new as HTML
  Rendered sessions/new.html.erb within layouts/application (0.3ms)
Completed 200 OK in 35ms (Views: 34.7ms | ActiveRecord: 0.0ms)


Started GET "/assets/jquery-87424c3c19e96d4fb033c10ebe21ec40.js?body=1" for ::1 at 2017-04-05 10:05:45 -0600


Started GET "/assets/jquery_ujs-e27bd20a10d28155845a22d71ef94f2f.js?body=1" for ::1 at 2017-04-05 10:05:45 -0600


Started GET "/assets/turbolinks-f87b3583ca50adb0488b031297f5580d.js?body=1" for ::1 at 2017-04-05 10:05:45 -0600


Started POST "/login" for ::1 at 2017-04-05 10:05:56 -0600
Processing by SessionsController#create as HTML
  Parameters: {"utf8"=>"✓", "authenticity_token"=>"hqnjLANVucD8e59GMebFsniyFjemAj6NMuLMwUeJaPzGH70afQh9S5EOKpMXEG3DG/28y0R6mPgqJPW1K00RCw==", "email"=>"we@thebest.com", "password"=>"[FILTERED]", "commit"=>"Submit"}
  [1m[35mUser Load (0.3ms)[0m  SELECT  "users".* FROM "users" WHERE "users"."email" = $1 LIMIT 1  [["email", "we@thebest.com"]]
Redirected to http://localhost:3000/
Completed 302 Found in 70ms (ActiveRecord: 0.3ms)


Started GET "/" for ::1 at 2017-04-05 10:05:56 -0600
Processing by WelcomeController#index as HTML
  [1m[36mUser Load (0.3ms)[0m  [1mSELECT  "users".* FROM "users" WHERE "users"."id" = $1 LIMIT 1[0m  [["id", 1]]
  Rendered welcome/index.html.erb within layouts/application (1.2ms)
Completed 200 OK in 31ms (Views: 29.9ms | ActiveRecord: 0.3ms)


Started GET "/assets/jquery-87424c3c19e96d4fb033c10ebe21ec40.js?body=1" for ::1 at 2017-04-05 10:05:56 -0600


Started GET "/assets/jquery_ujs-e27bd20a10d28155845a22d71ef94f2f.js?body=1" for ::1 at 2017-04-05 10:05:56 -0600


Started GET "/assets/turbolinks-f87b3583ca50adb0488b031297f5580d.js?body=1" for ::1 at 2017-04-05 10:05:56 -0600


Started POST "/notification" for ::1 at 2017-04-05 10:06:00 -0600
Processing by NotificationController#create as HTML
  Parameters: {"utf8"=>"✓", "authenticity_token"=>"3GT0brMwPpk3d1G6yi7feIUkZJFGdpVVxD/x9bgLcmac0qpYzW36EloC5G/s2HcJ5mvObaQOMyDc+ciB1M8LkQ==", "email"=>"msglassie@gmail.com", "commit"=>"Tell them"}
  [1m[35mUser Load (1.0ms)[0m  SELECT  "users".* FROM "users" WHERE "users"."id" = $1 LIMIT 1  [["id", 1]]
  Rendered friend_notifier/inform.html.erb within layouts/mailer (0.1ms)
  Rendered friend_notifier/inform.text.erb within layouts/mailer (0.1ms)

FriendNotifier#inform: processed outbound mail in 28.3ms

Sent mail to msglassie@gmail.com (3.7ms)
Date: Wed, 05 Apr 2017 10:06:00 -0600
From: no-reply@youvechanged.io
To: msglassie@gmail.com
Message-ID: <58e515e892c64_7e733ffcaa4f1758569c5@Max-Glassies-MacBook-Pro.local.mail>
Subject: we_the_best says you've changed.
Mime-Version: 1.0
Content-Type: multipart/alternative;
 boundary="--==_mimepart_58e515e8920fb_7e733ffcaa4f175856874";
 charset=UTF-8
Content-Transfer-Encoding: 7bit


----==_mimepart_58e515e8920fb_7e733ffcaa4f175856874
Content-Type: text/plain;
 charset=UTF-8
Content-Transfer-Encoding: 7bit

Your "friend" We_the_best wanted to let you know that you've changed. Tell someone else they've changed. It's your duty.

----==_mimepart_58e515e8920fb_7e733ffcaa4f175856874
Content-Type: text/html;
 charset=UTF-8
Content-Transfer-Encoding: 7bit

<html>
  <body>
    Your "friend" We_the_best wanted to let you know that you've changed. Tell someone else they've changed. It's your duty.
  </body>
</html>

----==_mimepart_58e515e8920fb_7e733ffcaa4f175856874--

Redirected to http://localhost:3000/
Completed 302 Found in 36ms (ActiveRecord: 1.0ms)


Started GET "/" for ::1 at 2017-04-05 10:06:00 -0600
Processing by WelcomeController#index as HTML
  [1m[36mUser Load (0.3ms)[0m  [1mSELECT  "users".* FROM "users" WHERE "users"."id" = $1 LIMIT 1[0m  [["id", 1]]
  Rendered welcome/index.html.erb within layouts/application (0.9ms)
Completed 200 OK in 28ms (Views: 27.6ms | ActiveRecord: 0.3ms)


Started GET "/assets/jquery-87424c3c19e96d4fb033c10ebe21ec40.js?body=1" for ::1 at 2017-04-05 10:06:00 -0600


Started GET "/assets/jquery_ujs-e27bd20a10d28155845a22d71ef94f2f.js?body=1" for ::1 at 2017-04-05 10:06:00 -0600


Started GET "/assets/turbolinks-f87b3583ca50adb0488b031297f5580d.js?body=1" for ::1 at 2017-04-05 10:06:00 -0600


Started POST "/notification" for ::1 at 2017-04-05 10:10:21 -0600
Processing by NotificationController#create as HTML
  Parameters: {"utf8"=>"✓", "authenticity_token"=>"TWNthkRHVkdmH56oMbvo1gGRAREZWVz2eu3XZF5ejwEN1TOwOhqSzAtqK30XTUCnYt6r7fsh+oNiK+4QMpr29g==", "email"=>"msglassie@gmail.com", "commit"=>"Tell them"}
  [1m[35mUser Load (0.2ms)[0m  SELECT  "users".* FROM "users" WHERE "users"."id" = $1 LIMIT 1  [["id", 1]]
  Rendered friend_notifier/inform.html.erb within layouts/mailer (0.1ms)
  Rendered friend_notifier/inform.text.erb within layouts/mailer (0.1ms)

FriendNotifier#inform: processed outbound mail in 29.2ms

Sent mail to msglassie@gmail.com (4.0ms)
Date: Wed, 05 Apr 2017 10:10:21 -0600
From: no-reply@youvechanged.io
To: msglassie@gmail.com
Message-ID: <58e516ed1cd58_7e733ffcaa61c67857148@Max-Glassies-MacBook-Pro.local.mail>
Subject: we_the_best says you've changed.
Mime-Version: 1.0
Content-Type: multipart/alternative;
 boundary="--==_mimepart_58e516ed1bf42_7e733ffcaa61c67857050";
 charset=UTF-8
Content-Transfer-Encoding: 7bit


----==_mimepart_58e516ed1bf42_7e733ffcaa61c67857050
Content-Type: text/plain;
 charset=UTF-8
Content-Transfer-Encoding: 7bit

Your "friend" We_the_best wanted to let you know that you've changed. Tell someone else they've changed. It's your duty.

----==_mimepart_58e516ed1bf42_7e733ffcaa61c67857050
Content-Type: text/html;
 charset=UTF-8
Content-Transfer-Encoding: 7bit

<html>
  <body>
    Your "friend" We_the_best wanted to let you know that you've changed. Tell someone else they've changed. It's your duty.
  </body>
</html>

----==_mimepart_58e516ed1bf42_7e733ffcaa61c67857050--

Redirected to http://localhost:3000/
Completed 302 Found in 55ms (ActiveRecord: 2.0ms)


Started GET "/" for ::1 at 2017-04-05 10:10:21 -0600
Processing by WelcomeController#index as HTML
  [1m[36mUser Load (0.2ms)[0m  [1mSELECT  "users".* FROM "users" WHERE "users"."id" = $1 LIMIT 1[0m  [["id", 1]]
  Rendered welcome/index.html.erb within layouts/application (1.0ms)
Completed 200 OK in 39ms (Views: 38.0ms | ActiveRecord: 0.2ms)


Started GET "/assets/jquery-87424c3c19e96d4fb033c10ebe21ec40.js?body=1" for ::1 at 2017-04-05 10:10:21 -0600


Started GET "/assets/jquery_ujs-e27bd20a10d28155845a22d71ef94f2f.js?body=1" for ::1 at 2017-04-05 10:10:21 -0600


Started GET "/assets/turbolinks-f87b3583ca50adb0488b031297f5580d.js?body=1" for ::1 at 2017-04-05 10:10:21 -0600


Started GET "/" for ::1 at 2017-04-05 10:10:52 -0600
  [1m[36mActiveRecord::SchemaMigration Load (0.5ms)[0m  [1mSELECT "schema_migrations".* FROM "schema_migrations"[0m
Processing by WelcomeController#index as HTML
  [1m[35mUser Load (0.4ms)[0m  SELECT  "users".* FROM "users" WHERE "users"."id" = $1 LIMIT 1  [["id", 1]]
  Rendered welcome/index.html.erb within layouts/application (25.3ms)
Completed 200 OK in 119ms (Views: 99.5ms | ActiveRecord: 4.4ms)


Started GET "/assets/jquery-87424c3c19e96d4fb033c10ebe21ec40.js?body=1" for ::1 at 2017-04-05 10:10:53 -0600


Started GET "/assets/jquery_ujs-e27bd20a10d28155845a22d71ef94f2f.js?body=1" for ::1 at 2017-04-05 10:10:53 -0600


Started GET "/assets/turbolinks-f87b3583ca50adb0488b031297f5580d.js?body=1" for ::1 at 2017-04-05 10:10:53 -0600


Started POST "/notification" for ::1 at 2017-04-05 10:11:04 -0600
Processing by NotificationController#create as HTML
  Parameters: {"utf8"=>"✓", "authenticity_token"=>"mNjCmVnuxv1jWZ/CQb6V7CjAJ5I/AHm2zMMVuYLRpzjYbpyvJ7MCdg4sKhdnSD2dS4+Nbt1438PUBSzN7hXezw==", "email"=>"msglassie@gmail.com", "commit"=>"Tell them"}
  [1m[36mUser Load (0.4ms)[0m  [1mSELECT  "users".* FROM "users" WHERE "users"."id" = $1 LIMIT 1[0m  [["id", 1]]
  Rendered friend_notifier/inform.html.erb within layouts/mailer (0.6ms)
  Rendered friend_notifier/inform.text.erb within layouts/mailer (0.3ms)

FriendNotifier#inform: processed outbound mail in 217.3ms

Sent mail to msglassie@gmail.com (163.5ms)
Date: Wed, 05 Apr 2017 10:11:05 -0600
From: no-reply@youvechanged.io
To: msglassie@gmail.com
Message-ID: <58e5171938f2d_7f433fda2fe78418715e4@Max-Glassies-MacBook-Pro.local.mail>
Subject: we_the_best says you've changed.
Mime-Version: 1.0
Content-Type: multipart/alternative;
 boundary="--==_mimepart_58e51719375ef_7f433fda2fe78418714be";
 charset=UTF-8
Content-Transfer-Encoding: 7bit


----==_mimepart_58e51719375ef_7f433fda2fe78418714be
Content-Type: text/plain;
 charset=UTF-8
Content-Transfer-Encoding: 7bit

Your "friend" We_the_best wanted to let you know that you've changed. Tell someone else they've changed. It's your duty.

----==_mimepart_58e51719375ef_7f433fda2fe78418714be
Content-Type: text/html;
 charset=UTF-8
Content-Transfer-Encoding: 7bit

<html>
  <body>
    Your "friend" We_the_best wanted to let you know that you've changed. Tell someone else they've changed. It's your duty.
  </body>
</html>

----==_mimepart_58e51719375ef_7f433fda2fe78418714be--

Redirected to http://localhost:3000/
Completed 302 Found in 399ms (ActiveRecord: 0.4ms)


Started GET "/" for ::1 at 2017-04-05 10:11:05 -0600
Processing by WelcomeController#index as HTML
  [1m[35mUser Load (0.6ms)[0m  SELECT  "users".* FROM "users" WHERE "users"."id" = $1 LIMIT 1  [["id", 1]]
  Rendered welcome/index.html.erb within layouts/application (1.7ms)
Completed 200 OK in 33ms (Views: 32.1ms | ActiveRecord: 0.6ms)


Started GET "/assets/jquery-87424c3c19e96d4fb033c10ebe21ec40.js?body=1" for ::1 at 2017-04-05 10:11:05 -0600


Started GET "/assets/jquery_ujs-e27bd20a10d28155845a22d71ef94f2f.js?body=1" for ::1 at 2017-04-05 10:11:05 -0600


Started GET "/assets/turbolinks-f87b3583ca50adb0488b031297f5580d.js?body=1" for ::1 at 2017-04-05 10:11:05 -0600


Started POST "/notification" for ::1 at 2017-04-05 10:14:46 -0600
Processing by NotificationController#create as HTML
  Parameters: {"utf8"=>"✓", "authenticity_token"=>"ThT0/rACbFvhivUwDoGUq23hj96yogTriYrjeiNoOAwOoqrIzl+o0Iz/QOUodzzaDq4lIlDaop6RTNoOT6xB+w==", "email"=>"msglassie@gmail.com", "commit"=>"Tell them"}
  [1m[36mUser Load (0.8ms)[0m  [1mSELECT  "users".* FROM "users" WHERE "users"."id" = $1 LIMIT 1[0m  [["id", 1]]
  Rendered friend_notifier/inform.html.erb within layouts/mailer (0.3ms)
  Rendered friend_notifier/inform.text.erb within layouts/mailer (0.3ms)

FriendNotifier#inform: processed outbound mail in 23.2ms

Sent mail to msglassie@gmail.com (10.2ms)
Date: Wed, 05 Apr 2017 10:14:46 -0600
From: no-reply@youvechanged.io
To: msglassie@gmail.com
Message-ID: <58e517f6ea10c_7f433fda31e252e87173@Max-Glassies-MacBook-Pro.local.mail>
Subject: we_the_best says you've changed.
Mime-Version: 1.0
Content-Type: multipart/alternative;
 boundary="--==_mimepart_58e517f6e9691_7f433fda31e252e8716dd";
 charset=UTF-8
Content-Transfer-Encoding: 7bit


----==_mimepart_58e517f6e9691_7f433fda31e252e8716dd
Content-Type: text/plain;
 charset=UTF-8
Content-Transfer-Encoding: 7bit

Your "friend" We_the_best wanted to let you know that you've changed. Tell someone else they've changed. It's your duty.

We the best, bless up, get those keys to success.

It's going to be dope as F$%K

----==_mimepart_58e517f6e9691_7f433fda31e252e8716dd
Content-Type: text/html;
 charset=UTF-8
Content-Transfer-Encoding: 7bit

<html>
  <body>
    Your "friend" We_the_best wanted to let you know that you've changed. Tell someone else they've changed. It's your duty.

We the best, bless up, get those keys to success.

It's going to be dope as F$%K!
  </body>
</html>

----==_mimepart_58e517f6e9691_7f433fda31e252e8716dd--

Redirected to http://localhost:3000/
Completed 302 Found in 37ms (ActiveRecord: 0.8ms)


Started GET "/" for ::1 at 2017-04-05 10:14:46 -0600
Processing by WelcomeController#index as HTML
  [1m[35mUser Load (0.3ms)[0m  SELECT  "users".* FROM "users" WHERE "users"."id" = $1 LIMIT 1  [["id", 1]]
  Rendered welcome/index.html.erb within layouts/application (0.9ms)
Completed 200 OK in 24ms (Views: 23.7ms | ActiveRecord: 0.3ms)


Started GET "/assets/jquery-87424c3c19e96d4fb033c10ebe21ec40.js?body=1" for ::1 at 2017-04-05 10:14:47 -0600


Started GET "/assets/turbolinks-f87b3583ca50adb0488b031297f5580d.js?body=1" for ::1 at 2017-04-05 10:14:47 -0600


Started GET "/assets/jquery_ujs-e27bd20a10d28155845a22d71ef94f2f.js?body=1" for ::1 at 2017-04-05 10:14:47 -0600
